[02Aug2025 00:00:38.617] [Server thread/INFO] [net.minecraft.server.network.ServerGamePacketListenerImpl/]: lizeth_xl lost connection: Disconnected
[02Aug2025 00:00:38.619] [Server thread/INFO] [net.minecraft.server.MinecraftServer/]: lizeth_xl left the game
[02Aug2025 00:01:35.454] [Server thread/INFO] [net.minecraft.server.players.PlayerList/]: Hanccor[/127.124.161.11:49901] logged in with entity id 49596 at (124.50906009779538, -21.975575911786322, 1531.6573294302582)
[02Aug2025 00:01:35.471] [Server thread/INFO] [net.minecraft.server.MinecraftServer/]: Hanccor joined the game
[02Aug2025 00:01:35.503] [Server thread/INFO] [Jade/]: Syncing config to Hanccor (6f4775f6-6612-35d6-8fda-b8e40b3ce566)
[02Aug2025 00:02:02.165] [Server thread/INFO] [net.minecraft.server.MinecraftServer/]: [creu3: Teleported creu3 to Hanccor]
[02Aug2025 00:02:26.425] [Server thread/INFO] [net.minecraft.server.MinecraftServer/]: [creu3: Teleported creu3 to -793.500000, 68.500000, 1512.500000]
[02Aug2025 00:02:35.284] [Server thread/INFO] [net.minecraft.server.MinecraftServer/]: [creu3: Teleported creu3 to -11.500000, 78.500000, 1504.500000]
[02Aug2025 00:03:09.835] [Server thread/INFO] [net.minecraft.server.MinecraftServer/]: [creu3: Teleported creu3 to 61.500000, 107.500000, 1656.500000]
[02Aug2025 00:04:17.503] [Server thread/INFO] [net.minecraft.server.MinecraftServer/]: [MatjusGamer: Teleported MatjusGamer to creu3]
[02Aug2025 00:04:54.651] [Server thread/INFO] [net.minecraft.server.MinecraftServer/]: [MatjusGamer: Teleported Hanccor to MatjusGamer]
[02Aug2025 00:07:40.170] [Server thread/INFO] [net.minecraft.server.MinecraftServer/]: [creu3: Teleported creu3 to -0.500000, 83.500000, 1524.500000]
[02Aug2025 00:08:19.037] [Server thread/INFO] [net.minecraft.server.MinecraftServer/]: [creu3: Set the time to 1000]
[02Aug2025 00:08:48.775] [Server thread/INFO] [net.minecraft.server.players.PlayerList/]: lizeth_xl[/127.172.114.82:52973] logged in with entity id 52520 at (142.41160280369886, 75.0, 1529.497325920777)
[02Aug2025 00:08:48.789] [Server thread/INFO] [net.minecraft.server.MinecraftServer/]: lizeth_xl joined the game
[02Aug2025 00:08:48.851] [Server thread/INFO] [Jade/]: Syncing config to lizeth_xl (954d0142-eeeb-398a-9c49-8a9a35f91368)
[02Aug2025 00:10:46.711] [Server thread/INFO] [net.minecraft.server.MinecraftServer/]: [creu3: Made Hanccor a server operator]
[02Aug2025 00:10:53.227] [Server thread/INFO] [net.minecraft.server.MinecraftServer/]: [Hanccor: Teleported Hanccor to creu3]
[02Aug2025 00:11:02.226] [Server thread/INFO] [net.minecraft.server.MinecraftServer/]: [Hanccor: Teleported Hanccor to -4.500000, 80.500000, 1543.500000]
[02Aug2025 00:14:16.556] [Server thread/INFO] [net.minecraft.server.MinecraftServer/]: [creu3: Teleported creu3 to lizeth_xl]
[02Aug2025 00:16:19.231] [Server thread/INFO] [net.minecraft.server.MinecraftServer/]: [creu3: Teleported lizeth_xl to creu3]
[02Aug2025 00:16:42.883] [Server thread/INFO] [net.minecraft.server.MinecraftServer/]: [lizeth_xl: Teleported lizeth_xl to 283.500000, 102.500000, 1542.500000]
[02Aug2025 00:17:39.235] [Server thread/INFO] [net.minecraft.server.MinecraftServer/]: [lizeth_xl: Teleported lizeth_xl to 243.500000, 99.500000, 1523.500000]
[02Aug2025 00:18:25.437] [Server thread/INFO] [net.minecraft.server.MinecraftServer/]: [lizeth_xl: Teleported lizeth_xl to 244.500000, 105.500000, 1523.500000]
[02Aug2025 00:18:42.506] [Server thread/INFO] [net.minecraft.server.MinecraftServer/]: [Hanccor: Teleported Hanccor to creu3]
[02Aug2025 00:18:51.606] [Server thread/INFO] [net.minecraft.server.MinecraftServer/]: creu3 drowned
[02Aug2025 00:19:15.458] [Server thread/INFO] [net.minecraft.server.MinecraftServer/]: [creu3: Teleported creu3 to 102.500000, 73.500000, 1541.500000]
[02Aug2025 00:20:53.855] [Server thread/INFO] [net.minecraft.server.MinecraftServer/]: [lizeth_xl: Teleported lizeth_xl to 119.500000, 76.500000, 1536.500000]
[02Aug2025 00:22:07.082] [Server thread/INFO] [net.minecraft.server.MinecraftServer/]: [MatjusGamer: Set the time to 1000]
[02Aug2025 00:22:43.483] [Server thread/INFO] [net.minecraft.server.MinecraftServer/]: [lizeth_xl: Teleported lizeth_xl to 239.500000, 95.500000, 1554.500000]
[02Aug2025 00:22:56.547] [Server thread/INFO] [net.minecraft.server.MinecraftServer/]: [lizeth_xl: Teleported lizeth_xl to 245.500000, 63.500000, 1586.500000]
[02Aug2025 00:23:00.121] [Server thread/INFO] [net.minecraft.server.MinecraftServer/]: [lizeth_xl: Teleported lizeth_xl to 285.500000, 108.500000, 1579.500000]
[02Aug2025 00:26:16.784] [Server thread/INFO] [net.minecraft.server.MinecraftServer/]: [creu3: Teleported creu3 to lizeth_xl]
[02Aug2025 00:26:23.217] [Server thread/INFO] [net.minecraft.server.MinecraftServer/]: [Hanccor: Teleported Hanccor to MatjusGamer]
[02Aug2025 00:27:08.003] [Server thread/INFO] [net.minecraft.server.MinecraftServer/]: [creu3: Teleported creu3 to lizeth_xl]
[02Aug2025 00:27:14.353] [Server thread/INFO] [net.minecraft.server.MinecraftServer/]: creu3 fell from a high place
[02Aug2025 00:27:18.002] [Server thread/INFO] [net.minecraft.server.MinecraftServer/]: [creu3: Teleported creu3 to 241.500000, 88.500000, 1525.500000]
[02Aug2025 00:27:30.334] [Server thread/INFO] [net.minecraft.server.MinecraftServer/]: [lizeth_xl: Teleported lizeth_xl to 200.500000, 81.500000, 1554.500000]
[02Aug2025 00:27:30.406] [Server thread/INFO] [net.minecraft.server.MinecraftServer/]: [creu3: Teleported creu3 to lizeth_xl]
[02Aug2025 00:31:45.786] [Server thread/INFO] [net.minecraft.server.MinecraftServer/]: [Hanccor: Teleported Hanccor to MatjusGamer]
[02Aug2025 00:32:55.860] [Server thread/INFO] [net.minecraft.server.MinecraftServer/]: [MatjusGamer: Set the time to 1000]
[02Aug2025 00:34:01.053] [Server thread/INFO] [net.minecraft.server.MinecraftServer/]: [lizeth_xl: Teleported lizeth_xl to MatjusGamer]
